*** Using Compiler 'V6.23', folder: 'D:\KEIL\CORE\ARM\ARMCLANG\Bin'
Build target 'C8T6'
compiling AT_TASK.c...
compiling uart.c...
compiling GPIO.c...
compiling ADC.c...
compiling sys.c...
compiling main.c...
compiling MySPI.c...
compiling W25Q64.c...
compiling portserial.c...
compiling TIM.c...
compiling master_mb_app.c...
compiling slave_mb_app.c...
compiling sensor_mb_app.c...
compiling OLED.c...
compiling master_function.c...
compiling qpid.c...
compiling user_flash.c...
compiling ef_port.c...
compiling ef_utils.c...
compiling easyflash.c...
Component/AT/AT_Function.c(47): warning: initializing 'uint8_t *' (aka 'unsigned char *') with an expression of type 'char[256]' converts between pointers to integer types where one is of the unique plain 'char' type and the other is not [-Wpointer-sign]
   47 |     [1] = {.key = "j_2", .type = string_type, .value.property_value = object_j_2_value},
      |                                                                       ^~~~~~~~~~~~~~~~
Component/AT/AT_Function.c(63): warning: initializing 'uint8_t *' (aka 'unsigned char *') with an expression of type 'char[256]' converts between pointers to integer types where one is of the unique plain 'char' type and the other is not [-Wpointer-sign]
   63 |         .value.property_value = j_2_value,
      |                                 ^~~~~~~~~
2 warnings generated.
compiling AT_Function.c...
compiling sfud_port.c...
compiling ef_env.c...
linking...
Program Size: Code=29426 RO-data=1854 RW-data=2820 ZI-data=14180  
FromELF: creating hex file...
After Build - User command #1: "D:\project\ac6 demo\keil5_disp_size_bar.exe"
ram:
  RW_IRAM1 :0x20000000
   20.00 KB :|¡ö¡ö¡ö¡ö¡ö¡ö¡ö¡ö¡ö¡ö¡ö¡ö¡ö¡ö¡ö¡ö____|   83.01 % (   16.60 KB /    20.00 KB) [3480 B]
flash:
  ER_IROM1 :0x8000000
   64.00 KB :|¡ö¡ö¡ö¡ö¡ö¡ö¡ö¡ö¡ö___________|   47.73 % (   30.55 KB /    64.00 KB) [34256 B]
After Build - User command #2: D:\KEIL\CORE\\ARM\ARM_Compiler_5.06u7\bin\fromelf.exe --bin --output=ac6demo.bin .\Objects\ac6demo.axf
".\Objects\ac6demo.axf" - 0 Error(s), 2 Warning(s).
Build Time Elapsed:  00:00:05
